<?xml version="1.0" encoding="UTF-8"?>
<!-- Generated by org.testng.reporters.JUnitReportReporter -->
<testsuite hostname="DESKTOP-R62B832" failures="0" tests="3" name="HRM.Testcases.LoginPageTest" time="19.355" errors="0" timestamp="2022-06-01T09:46:17 IST" skipped="0">
  <testcase classname="HRM.Testcases.LoginPageTest" name="pageTitleVerification" time="3.925"/>
  <system-out/>
  <testcase classname="HRM.Testcases.LoginPageTest" name="loginPageVerificationTest" time="4.714"/>
  <system-out/>
  <testcase classname="HRM.Testcases.LoginPageTest" name="loginTest" time="10.716"/>
  <system-out/>
</testsuite> <!-- HRM.Testcases.LoginPageTest -->
