<?xml version="1.0" encoding="UTF-8"?>
<!-- Generated by org.testng.reporters.JUnitReportReporter -->
<testsuite hostname="DESKTOP-R62B832" failures="0" tests="3" name="HRM.Testcases.HomePageTest" time="35.482" errors="0" timestamp="2022-06-01T12:20:59 IST" skipped="0">
  <testcase classname="HRM.Testcases.HomePageTest" name="adminModuleVerifyTest" time="17.000"/>
  <system-out/>
  <testcase classname="HRM.Testcases.HomePageTest" name="pimlinkVerifyTest" time="7.892"/>
  <system-out/>
  <testcase classname="HRM.Testcases.HomePageTest" name="verifyLogoutTest" time="10.590"/>
  <system-out/>
</testsuite> <!-- HRM.Testcases.HomePageTest -->
