<?xml version="1.0" encoding="UTF-8"?>
<!-- Generated by org.testng.reporters.JUnitReportReporter -->
<testsuite hostname="DESKTOP-R62B832" failures="0" tests="1" name="HRM.Testcases.AddEmployeeTest" time="11.917" errors="0" timestamp="2022-06-01T16:59:52 IST" skipped="0">
  <testcase classname="HRM.Testcases.AddEmployeeTest" name="verifyAddEmp" time="11.917"/>
  <system-out/>
</testsuite> <!-- HRM.Testcases.AddEmployeeTest -->
